{"/home/mychachos/frontend-project-46/src/index.js": {"path":"/home/mychachos/frontend-project-46/src/index.js","statementMap":{"0":{"start":{"line":7,"column":18},"end":{"line":31,"column":1}},"1":{"start":{"line":8,"column":18},"end":{"line":8,"column":20}},"2":{"start":{"line":9,"column":16},"end":{"line":9,"column":73}},"3":{"start":{"line":10,"column":3},"end":{"line":29,"column":6}},"4":{"start":{"line":11,"column":21},"end":{"line":11,"column":31}},"5":{"start":{"line":12,"column":21},"end":{"line":12,"column":31}},"6":{"start":{"line":14,"column":6},"end":{"line":16,"column":7}},"7":{"start":{"line":15,"column":9},"end":{"line":15,"column":45}},"8":{"start":{"line":17,"column":6},"end":{"line":19,"column":7}},"9":{"start":{"line":18,"column":9},"end":{"line":18,"column":45}},"10":{"start":{"line":20,"column":6},"end":{"line":28,"column":7}},"11":{"start":{"line":21,"column":9},"end":{"line":23,"column":10}},"12":{"start":{"line":22,"column":12},"end":{"line":22,"column":48}},"13":{"start":{"line":24,"column":9},"end":{"line":27,"column":10}},"14":{"start":{"line":25,"column":12},"end":{"line":25,"column":48}},"15":{"start":{"line":26,"column":12},"end":{"line":26,"column":48}},"16":{"start":{"line":30,"column":3},"end":{"line":30,"column":39}},"17":{"start":{"line":33,"column":21},"end":{"line":33,"column":49}},"18":{"start":{"line":33,"column":31},"end":{"line":33,"column":49}},"19":{"start":{"line":35,"column":15},"end":{"line":37,"column":1}},"20":{"start":{"line":36,"column":3},"end":{"line":36,"column":54}},"21":{"start":{"line":36,"column":30},"end":{"line":36,"column":54}},"22":{"start":{"line":40,"column":16},"end":{"line":40,"column":50}},"23":{"start":{"line":41,"column":16},"end":{"line":41,"column":50}},"24":{"start":{"line":42,"column":17},"end":{"line":42,"column":76}},"25":{"start":{"line":43,"column":17},"end":{"line":43,"column":76}},"26":{"start":{"line":44,"column":3},"end":{"line":44,"column":34}}},"fnMap":{"0":{"name":"(anonymous_0)","decl":{"start":{"line":7,"column":18},"end":{"line":7,"column":19}},"loc":{"start":{"line":7,"column":36},"end":{"line":31,"column":1}},"line":7},"1":{"name":"(anonymous_1)","decl":{"start":{"line":10,"column":12},"end":{"line":10,"column":13}},"loc":{"start":{"line":10,"column":21},"end":{"line":29,"column":4}},"line":10},"2":{"name":"(anonymous_2)","decl":{"start":{"line":33,"column":21},"end":{"line":33,"column":22}},"loc":{"start":{"line":33,"column":31},"end":{"line":33,"column":49}},"line":33},"3":{"name":"(anonymous_3)","decl":{"start":{"line":35,"column":15},"end":{"line":35,"column":16}},"loc":{"start":{"line":35,"column":36},"end":{"line":37,"column":1}},"line":35},"4":{"name":"(anonymous_4)","decl":{"start":{"line":39,"column":15},"end":{"line":39,"column":16}},"loc":{"start":{"line":39,"column":33},"end":{"line":45,"column":1}},"line":39}},"branchMap":{"0":{"loc":{"start":{"line":14,"column":6},"end":{"line":16,"column":7}},"type":"if","locations":[{"start":{"line":14,"column":6},"end":{"line":16,"column":7}},{"start":{},"end":{}}],"line":14},"1":{"loc":{"start":{"line":14,"column":10},"end":{"line":14,"column":49}},"type":"binary-expr","locations":[{"start":{"line":14,"column":10},"end":{"line":14,"column":27}},{"start":{"line":14,"column":31},"end":{"line":14,"column":49}}],"line":14},"2":{"loc":{"start":{"line":17,"column":6},"end":{"line":19,"column":7}},"type":"if","locations":[{"start":{"line":17,"column":6},"end":{"line":19,"column":7}},{"start":{},"end":{}}],"line":17},"3":{"loc":{"start":{"line":17,"column":10},"end":{"line":17,"column":49}},"type":"binary-expr","locations":[{"start":{"line":17,"column":10},"end":{"line":17,"column":28}},{"start":{"line":17,"column":32},"end":{"line":17,"column":49}}],"line":17},"4":{"loc":{"start":{"line":20,"column":6},"end":{"line":28,"column":7}},"type":"if","locations":[{"start":{"line":20,"column":6},"end":{"line":28,"column":7}},{"start":{},"end":{}}],"line":20},"5":{"loc":{"start":{"line":20,"column":10},"end":{"line":20,"column":48}},"type":"binary-expr","locations":[{"start":{"line":20,"column":10},"end":{"line":20,"column":27}},{"start":{"line":20,"column":31},"end":{"line":20,"column":48}}],"line":20},"6":{"loc":{"start":{"line":21,"column":9},"end":{"line":23,"column":10}},"type":"if","locations":[{"start":{"line":21,"column":9},"end":{"line":23,"column":10}},{"start":{},"end":{}}],"line":21},"7":{"loc":{"start":{"line":24,"column":9},"end":{"line":27,"column":10}},"type":"if","locations":[{"start":{"line":24,"column":9},"end":{"line":27,"column":10}},{"start":{},"end":{}}],"line":24},"8":{"loc":{"start":{"line":36,"column":3},"end":{"line":36,"column":54}},"type":"if","locations":[{"start":{"line":36,"column":3},"end":{"line":36,"column":54}},{"start":{},"end":{}}],"line":36}},"s":{"0":1,"1":1,"2":1,"3":1,"4":5,"5":5,"6":5,"7":2,"8":5,"9":1,"10":5,"11":2,"12":1,"13":2,"14":1,"15":1,"16":1,"17":1,"18":2,"19":1,"20":2,"21":2,"22":1,"23":1,"24":1,"25":1,"26":1},"f":{"0":1,"1":5,"2":2,"3":2,"4":1},"b":{"0":[2,3],"1":[5,4],"2":[1,4],"3":[5,1],"4":[2,3],"5":[5,4],"6":[1,1],"7":[1,1],"8":[2,0]},"_coverageSchema":"1a1c01bbd47fc00a2c39e90264f33305004495a9","hash":"db86047b569c4bdccfc8686be4c56ff06cafcf95"}
}
