TN:
SF:src/index.js
FN:7,(anonymous_0)
FN:10,(anonymous_1)
FN:33,(anonymous_2)
FN:35,(anonymous_3)
FN:39,(anonymous_4)
FNF:5
FNH:5
FNDA:1,(anonymous_0)
FNDA:5,(anonymous_1)
FNDA:2,(anonymous_2)
FNDA:2,(anonymous_3)
FNDA:1,(anonymous_4)
DA:7,1
DA:8,1
DA:9,1
DA:10,1
DA:11,5
DA:12,5
DA:14,5
DA:15,2
DA:17,5
DA:18,1
DA:20,5
DA:21,2
DA:22,1
DA:24,2
DA:25,1
DA:26,1
DA:30,1
DA:33,2
DA:35,1
DA:36,2
DA:40,1
DA:41,1
DA:42,1
DA:43,1
DA:44,1
LF:25
LH:25
BRDA:14,0,0,2
BRDA:14,0,1,3
BRDA:14,1,0,5
BRDA:14,1,1,4
BRDA:17,2,0,1
BRDA:17,2,1,4
BRDA:17,3,0,5
BRDA:17,3,1,1
BRDA:20,4,0,2
BRDA:20,4,1,3
BRDA:20,5,0,5
BRDA:20,5,1,4
BRDA:21,6,0,1
BRDA:21,6,1,1
BRDA:24,7,0,1
BRDA:24,7,1,1
BRDA:36,8,0,2
BRDA:36,8,1,0
BRF:18
BRH:17
end_of_record
